<?xml version="1.0" encoding="UTF-8"?>
<coverage generated="1614954238912" clover="3.2.0">
  <project timestamp="1614954238913" name="All files">
    <metrics statements="11" coveredstatements="10" conditionals="0" coveredconditionals="0" methods="7" coveredmethods="6" elements="18" coveredelements="16" complexity="0" loc="11" ncloc="11" packages="1" files="2" classes="2"/>
    <file name="date.js" path="C:\Users\Jan\Desktop\MasterFS\clones2\NPM-Basics\src\date.js">
      <metrics statements="6" coveredstatements="5" conditionals="0" coveredconditionals="0" methods="4" coveredmethods="3"/>
      <line num="1" count="1" type="stmt"/>
      <line num="8" count="0" type="stmt"/>
      <line num="12" count="1" type="stmt"/>
      <line num="16" count="1" type="stmt"/>
      <line num="20" count="1" type="stmt"/>
      <line num="23" count="1" type="stmt"/>
    </file>
    <file name="util.js" path="C:\Users\Jan\Desktop\MasterFS\clones2\NPM-Basics\src\util.js">
      <metrics statements="5" coveredstatements="5" conditionals="0" coveredconditionals="0" methods="3" coveredmethods="3"/>
      <line num="1" count="1" type="stmt"/>
      <line num="8" count="1" type="stmt"/>
      <line num="13" count="1" type="stmt"/>
      <line num="40" count="1" type="stmt"/>
      <line num="43" count="1" type="stmt"/>
    </file>
  </project>
</coverage>
