{"C:\\Users\\Jan\\Desktop\\MasterFS\\clones2\\NPM-Basics\\src\\date.js": {"path":"C:\\Users\\Jan\\Desktop\\MasterFS\\clones2\\NPM-Basics\\src\\date.js","statementMap":{"0":{"start":{"line":1,"column":13},"end":{"line":1,"column":30}},"1":{"start":{"line":8,"column":2},"end":{"line":8,"column":52}},"2":{"start":{"line":12,"column":2},"end":{"line":12,"column":28}},"3":{"start":{"line":16,"column":2},"end":{"line":16,"column":26}},"4":{"start":{"line":20,"column":2},"end":{"line":20,"column":25}},"5":{"start":{"line":23,"column":0},"end":{"line":28,"column":2}}},"fnMap":{"0":{"name":"getFullDate","decl":{"start":{"line":7,"column":9},"end":{"line":7,"column":20}},"loc":{"start":{"line":7,"column":23},"end":{"line":9,"column":1}},"line":7},"1":{"name":"getWeekDay","decl":{"start":{"line":11,"column":9},"end":{"line":11,"column":19}},"loc":{"start":{"line":11,"column":22},"end":{"line":13,"column":1}},"line":11},"2":{"name":"getCurrentMonth","decl":{"start":{"line":15,"column":9},"end":{"line":15,"column":24}},"loc":{"start":{"line":15,"column":27},"end":{"line":17,"column":1}},"line":15},"3":{"name":"getCurrentYear","decl":{"start":{"line":19,"column":9},"end":{"line":19,"column":23}},"loc":{"start":{"line":19,"column":26},"end":{"line":21,"column":1}},"line":19}},"branchMap":{},"s":{"0":1,"1":0,"2":1,"3":1,"4":1,"5":1},"f":{"0":0,"1":1,"2":1,"3":1},"b":{},"_coverageSchema":"1a1c01bbd47fc00a2c39e90264f33305004495a9","hash":"3a06c4b86954819db99a91fbc82dcbd39dc00c22"}
,"C:\\Users\\Jan\\Desktop\\MasterFS\\clones2\\NPM-Basics\\src\\util.js": {"path":"C:\\Users\\Jan\\Desktop\\MasterFS\\clones2\\NPM-Basics\\src\\util.js","statementMap":{"0":{"start":{"line":1,"column":15},"end":{"line":1,"column":32}},"1":{"start":{"line":8,"column":2},"end":{"line":8,"column":70}},"2":{"start":{"line":13,"column":2},"end":{"line":13,"column":34}},"3":{"start":{"line":40,"column":2},"end":{"line":40,"column":38}},"4":{"start":{"line":43,"column":0},"end":{"line":47,"column":2}}},"fnMap":{"0":{"name":"createArray","decl":{"start":{"line":7,"column":9},"end":{"line":7,"column":20}},"loc":{"start":{"line":7,"column":32},"end":{"line":9,"column":1}},"line":7},"1":{"name":"toCamelCase","decl":{"start":{"line":11,"column":9},"end":{"line":11,"column":20}},"loc":{"start":{"line":11,"column":29},"end":{"line":37,"column":1}},"line":11},"2":{"name":"getIndexOf","decl":{"start":{"line":39,"column":9},"end":{"line":39,"column":19}},"loc":{"start":{"line":39,"column":34},"end":{"line":41,"column":1}},"line":39}},"branchMap":{},"s":{"0":1,"1":1,"2":1,"3":1,"4":1},"f":{"0":1,"1":1,"2":1},"b":{},"_coverageSchema":"1a1c01bbd47fc00a2c39e90264f33305004495a9","hash":"97a74f8f6725937d093f93ddd791f1b68a64d5ef"}
}
